<?xml version="1.0" encoding="UTF-8"?>
<testsuite name="StackTest" tests="1" skipped="0" failures="0" errors="0" timestamp="2022-09-07T00:43:48" hostname="macbook-pro-5.lan" time="38.261">
  <properties/>
  <testcase name="Test()" classname="StackTest" time="38.261"/>
  <system-out><![CDATA[true
true
true
]]></system-out>
  <system-err><![CDATA[]]></system-err>
</testsuite>
